error: The server has failed unexpectedly - Error occurred at moment of delete all users for offTime: We are working to fix this issue - 17/6/2023 16:59:49
fatal: TypeError: next is not a function
fatal: TypeError: next is not a function
fatal: TypeError: next is not a function
fatal: JsonWebTokenError: jwt must be provided
error: The server has failed unexpectedly - Error occurred at moment of delete all users for offTime: We are working to fix this issue - 17/6/2023 18:56:23
fatal: RangeError [ERR_HTTP_INVALID_STATUS_CODE]: Invalid status code: true
fatal: JsonWebTokenError: jwt must be provided
fatal: JsonWebTokenError: jwt must be provided
fatal: JsonWebTokenError: jwt must be provided
fatal: JsonWebTokenError: jwt must be provided
fatal: JsonWebTokenError: jwt must be provided
fatal: JsonWebTokenError: jwt must be provided
fatal: JsonWebTokenError: jwt must be provided
fatal: JsonWebTokenError: jwt must be provided
error: The server has failed unexpectedly - [object Object] - 17/6/2023 19:53:18
fatal: JsonWebTokenError: jwt must be provided
fatal: JsonWebTokenError: jwt must be provided
fatal: JsonWebTokenError: jwt must be provided
fatal: JsonWebTokenError: jwt must be provided
fatal: JsonWebTokenError: jwt must be provided
fatal: JsonWebTokenError: jwt must be provided
fatal: JsonWebTokenError: jwt must be provided
fatal: JsonWebTokenError: jwt must be provided
fatal: JsonWebTokenError: jwt must be provided
fatal: JsonWebTokenError: jwt must be provided
fatal: JsonWebTokenError: jwt must be provided
fatal: JsonWebTokenError: jwt must be provided
fatal: JsonWebTokenError: jwt must be provided
fatal: JsonWebTokenError: jwt must be provided
fatal: JsonWebTokenError: jwt must be provided
fatal: JsonWebTokenError: jwt must be provided
fatal: JsonWebTokenError: jwt must be provided
fatal: JsonWebTokenError: jwt must be provided
fatal: JsonWebTokenError: jwt must be provided
fatal: JsonWebTokenError: jwt must be provided
fatal: ReferenceError: response is not defined
fatal: RangeError [ERR_HTTP_INVALID_STATUS_CODE]: Invalid status code: true
fatal: JsonWebTokenError: jwt must be provided
fatal: JsonWebTokenError: jwt must be provided
error: The server has failed unexpectedly - Error occurred at moment of delete the user: We are working to fix this issue - 18/6/2023 10:44:03
error: The server has failed unexpectedly - Error occurred at moment of delete the user: We are working to fix this issue - 18/6/2023 10:46:39
error: The server has failed unexpectedly - Error occurred at moment of delete the user: We are working to fix this issue - 18/6/2023 10:52:38
error: The server has failed unexpectedly - Error occurred at moment of delete the user: We are working to fix this issue - 18/6/2023 10:54:11
error: The server has failed unexpectedly - Error occurred at moment of delete the user: We are working to fix this issue - 18/6/2023 10:54:29
error: The server has failed unexpectedly - Error occurred at moment of delete the user: We are working to fix this issue - 18/6/2023 10:55:45
fatal: JsonWebTokenError: jwt must be provided
fatal: JsonWebTokenError: jwt must be provided
fatal: JsonWebTokenError: jwt must be provided
fatal: JsonWebTokenError: jwt must be provided
fatal: JsonWebTokenError: jwt must be provided
fatal: JsonWebTokenError: jwt must be provided
fatal: JsonWebTokenError: jwt must be provided
fatal: JsonWebTokenError: jwt must be provided
fatal: Error: Parse error on line 19:
...{{this.id}}', '{{uid}}}', '{{email}}')">
-----------------------^
Expecting 'CLOSE', 'OPEN_SEXPR', 'ID', 'STRING', 'NUMBER', 'BOOLEAN', 'UNDEFINED', 'NULL', 'DATA', got 'CLOSE_UNESCAPED'
